DB URL from ENV: Exists
node.exe : C:\Users\parva\OneDrive\Desktop\suvidha\s
uvidha-2026\node_modules\@prisma\client\src\runtime\
utils\validatePrismaClientOptions.ts:239
At C:\Program Files\nodejs\npx.ps1:29 char:3
+   & $NODE_EXE $NPX_CLI_JS $args
+   ~~~~~~~~~~~~~~~~~~~~~~~~~~~~~
    + CategoryInfo          : NotSpecified: (C:\Use 
   rs\parva\...tOptions.ts:239:String) [], RemoteE  
  xception
    + FullyQualifiedErrorId : NativeCommandError
 
      throw new 
PrismaClientConstructorValidationError(
            ^


PrismaClientConstructorValidationError: Unknown 
property datasources provided to PrismaClient 
constructor.
Read more at https://pris.ly/d/client-constructor
    at validatePrismaClientOptions (C:\Users\parva\O
neDrive\Desktop\suvidha\suvidha-2026\node_modules\@p
risma\client\src\runtime\utils\validatePrismaClientO
ptions.ts:239:13)
    at new t (C:\Users\parva\OneDrive\Desktop\suvidh
a\suvidha-2026\node_modules\@prisma\client\src\runti
me\getPrismaClient.ts:282:7)
    at <anonymous> (C:\Users\parva\OneDrive\Desktop\
suvidha\suvidha-2026\prisma\seed.ts:7:16)
    at Object.<anonymous> (C:\Users\parva\OneDrive\D
esktop\suvidha\suvidha-2026\prisma\seed.ts:224:6)
    at Module._compile 
(node:internal/modules/cjs/loader:1730:14)
    at Object.transformer (C:\Users\parva\OneDrive\D
esktop\suvidha\suvidha-2026\node_modules\tsx\dist\re
gister-D46fvsV_.cjs:3:1104)
    at Module.load 
(node:internal/modules/cjs/loader:1465:32)
    at Function._load 
(node:internal/modules/cjs/loader:1282:12)
    at TracingChannel.traceSync 
(node:diagnostics_channel:322:14)
    at wrapModuleLoad 
(node:internal/modules/cjs/loader:235:24)

Node.js v22.17.0
